2023-10-11 18:13:31 479 [main] DEBUG org.apache.ibatis.logging.LogFactory - Logging initialized using 'class org.apache.ibatis.logging.log4j2.Log4j2Impl' adapter.
2023-10-11 18:15:46 382 [main] DEBUG org.apache.ibatis.logging.LogFactory - Logging initialized using 'class org.apache.ibatis.logging.log4j2.Log4j2Impl' adapter.
2023-10-11 18:22:42 966 [main] DEBUG org.apache.ibatis.logging.LogFactory - Logging initialized using 'class org.apache.ibatis.logging.log4j2.Log4j2Impl' adapter.
2023-10-11 18:22:43 123 [main] DEBUG org.mybatis.spring.SqlSessionUtils - Creating a new SqlSession
2023-10-11 18:22:43 133 [main] DEBUG org.mybatis.spring.SqlSessionUtils - SqlSession [org.apache.ibatis.session.defaults.DefaultSqlSession@a8e6492] was not registered for synchronization because synchronization is not active
2023-10-11 18:22:43 309 [main] DEBUG org.mybatis.spring.transaction.SpringManagedTransaction - JDBC Connection [HikariProxyConnection@1267042315 wrapping org.mariadb.jdbc.Connection@4f936da8] will not be managed by Spring
2023-10-11 18:22:43 317 [main] DEBUG myspring.customer.dao.mapper.CustomerMapper.selectAllCustomer - ==>  Preparing: SELECT * FROM CUSTOMER ORDER BY ID
2023-10-11 18:22:43 343 [main] DEBUG myspring.customer.dao.mapper.CustomerMapper.selectAllCustomer - ==> Parameters: 
2023-10-11 18:22:43 362 [main] DEBUG myspring.customer.dao.mapper.CustomerMapper.selectAllCustomer - <==      Total: 2
2023-10-11 18:22:43 368 [main] DEBUG org.mybatis.spring.SqlSessionUtils - Closing non transactional SqlSession [org.apache.ibatis.session.defaults.DefaultSqlSession@a8e6492]
2023-10-11 18:23:36 653 [main] DEBUG org.apache.ibatis.logging.LogFactory - Logging initialized using 'class org.apache.ibatis.logging.log4j2.Log4j2Impl' adapter.
2023-10-11 18:23:36 820 [main] DEBUG org.mybatis.spring.SqlSessionUtils - Creating a new SqlSession
2023-10-11 18:23:36 830 [main] DEBUG org.mybatis.spring.SqlSessionUtils - SqlSession [org.apache.ibatis.session.defaults.DefaultSqlSession@a8e6492] was not registered for synchronization because synchronization is not active
2023-10-11 18:23:36 997 [main] DEBUG org.mybatis.spring.transaction.SpringManagedTransaction - JDBC Connection [HikariProxyConnection@1267042315 wrapping org.mariadb.jdbc.Connection@4f936da8] will not be managed by Spring
2023-10-11 18:23:37 005 [main] DEBUG myspring.customer.dao.mapper.CustomerMapper.selectAllCustomer - ==>  Preparing: SELECT * FROM CUSTOMER ORDER BY ID
2023-10-11 18:23:37 030 [main] DEBUG myspring.customer.dao.mapper.CustomerMapper.selectAllCustomer - ==> Parameters: 
2023-10-11 18:23:37 052 [main] DEBUG myspring.customer.dao.mapper.CustomerMapper.selectAllCustomer - <==      Total: 2
2023-10-11 18:23:37 058 [main] DEBUG org.mybatis.spring.SqlSessionUtils - Closing non transactional SqlSession [org.apache.ibatis.session.defaults.DefaultSqlSession@a8e6492]
2023-10-11 18:29:04 748 [main] DEBUG org.mybatis.spring.mapper.ClassPathMapperScanner - Identified candidate component class: file [C:\sts3.9-bundle\workspace\MySpringCustomer\target\classes\myspring\customer\dao\mapper\CustomerMapper.class]
2023-10-11 18:29:04 932 [main] DEBUG org.apache.ibatis.logging.LogFactory - Logging initialized using 'class org.apache.ibatis.logging.log4j2.Log4j2Impl' adapter.
2023-10-11 18:29:05 104 [main] DEBUG org.mybatis.spring.SqlSessionUtils - Creating a new SqlSession
2023-10-11 18:29:05 113 [main] DEBUG org.mybatis.spring.SqlSessionUtils - SqlSession [org.apache.ibatis.session.defaults.DefaultSqlSession@2b43529a] was not registered for synchronization because synchronization is not active
2023-10-11 18:29:05 261 [main] DEBUG org.mybatis.spring.transaction.SpringManagedTransaction - JDBC Connection [HikariProxyConnection@677217562 wrapping org.mariadb.jdbc.Connection@314b8f2d] will not be managed by Spring
2023-10-11 18:29:05 269 [main] DEBUG myspring.customer.dao.mapper.CustomerMapper.selectAllCustomer - ==>  Preparing: SELECT * FROM CUSTOMER ORDER BY ID
2023-10-11 18:29:05 294 [main] DEBUG myspring.customer.dao.mapper.CustomerMapper.selectAllCustomer - ==> Parameters: 
2023-10-11 18:29:05 314 [main] DEBUG myspring.customer.dao.mapper.CustomerMapper.selectAllCustomer - <==      Total: 2
2023-10-11 18:29:05 321 [main] DEBUG org.mybatis.spring.SqlSessionUtils - Closing non transactional SqlSession [org.apache.ibatis.session.defaults.DefaultSqlSession@2b43529a]
2023-10-11 18:29:05 327 [main] DEBUG org.mybatis.spring.SqlSessionUtils - Creating a new SqlSession
2023-10-11 18:29:05 327 [main] DEBUG org.mybatis.spring.SqlSessionUtils - SqlSession [org.apache.ibatis.session.defaults.DefaultSqlSession@cdc3aae] was not registered for synchronization because synchronization is not active
2023-10-11 18:29:05 327 [main] DEBUG org.mybatis.spring.transaction.SpringManagedTransaction - JDBC Connection [HikariProxyConnection@2129844134 wrapping org.mariadb.jdbc.Connection@314b8f2d] will not be managed by Spring
2023-10-11 18:29:05 327 [main] DEBUG myspring.customer.dao.mapper.CustomerMapper.selectAllCustomer - ==>  Preparing: SELECT * FROM CUSTOMER ORDER BY ID
2023-10-11 18:29:05 327 [main] DEBUG myspring.customer.dao.mapper.CustomerMapper.selectAllCustomer - ==> Parameters: 
2023-10-11 18:29:05 329 [main] DEBUG myspring.customer.dao.mapper.CustomerMapper.selectAllCustomer - <==      Total: 2
2023-10-11 18:29:05 329 [main] DEBUG org.mybatis.spring.SqlSessionUtils - Closing non transactional SqlSession [org.apache.ibatis.session.defaults.DefaultSqlSession@cdc3aae]
2023-10-11 18:29:30 758 [main] DEBUG org.mybatis.spring.mapper.ClassPathMapperScanner - Identified candidate component class: file [C:\sts3.9-bundle\workspace\MySpringCustomer\target\classes\myspring\customer\dao\mapper\CustomerMapper.class]
2023-10-11 18:29:30 974 [main] DEBUG org.apache.ibatis.logging.LogFactory - Logging initialized using 'class org.apache.ibatis.logging.log4j2.Log4j2Impl' adapter.
2023-10-11 18:29:31 160 [main] DEBUG org.mybatis.spring.SqlSessionUtils - Creating a new SqlSession
2023-10-11 18:29:31 167 [main] DEBUG org.mybatis.spring.SqlSessionUtils - SqlSession [org.apache.ibatis.session.defaults.DefaultSqlSession@2b43529a] was not registered for synchronization because synchronization is not active
2023-10-11 18:29:31 312 [main] DEBUG org.mybatis.spring.transaction.SpringManagedTransaction - JDBC Connection [HikariProxyConnection@677217562 wrapping org.mariadb.jdbc.Connection@314b8f2d] will not be managed by Spring
2023-10-11 18:29:31 318 [main] DEBUG myspring.customer.dao.mapper.CustomerMapper.selectAllCustomer - ==>  Preparing: SELECT * FROM CUSTOMER ORDER BY ID
2023-10-11 18:29:31 344 [main] DEBUG myspring.customer.dao.mapper.CustomerMapper.selectAllCustomer - ==> Parameters: 
2023-10-11 18:29:31 364 [main] DEBUG myspring.customer.dao.mapper.CustomerMapper.selectAllCustomer - <==      Total: 2
2023-10-11 18:29:31 371 [main] DEBUG org.mybatis.spring.SqlSessionUtils - Closing non transactional SqlSession [org.apache.ibatis.session.defaults.DefaultSqlSession@2b43529a]
2023-10-11 18:29:31 378 [main] DEBUG org.mybatis.spring.SqlSessionUtils - Creating a new SqlSession
2023-10-11 18:29:31 378 [main] DEBUG org.mybatis.spring.SqlSessionUtils - SqlSession [org.apache.ibatis.session.defaults.DefaultSqlSession@cdc3aae] was not registered for synchronization because synchronization is not active
2023-10-11 18:29:31 379 [main] DEBUG org.mybatis.spring.transaction.SpringManagedTransaction - JDBC Connection [HikariProxyConnection@2129844134 wrapping org.mariadb.jdbc.Connection@314b8f2d] will not be managed by Spring
2023-10-11 18:29:31 379 [main] DEBUG myspring.customer.dao.mapper.CustomerMapper.selectAllCustomer - ==>  Preparing: SELECT * FROM CUSTOMER ORDER BY ID
2023-10-11 18:29:31 379 [main] DEBUG myspring.customer.dao.mapper.CustomerMapper.selectAllCustomer - ==> Parameters: 
2023-10-11 18:29:31 380 [main] DEBUG myspring.customer.dao.mapper.CustomerMapper.selectAllCustomer - <==      Total: 2
2023-10-11 18:29:31 381 [main] DEBUG org.mybatis.spring.SqlSessionUtils - Closing non transactional SqlSession [org.apache.ibatis.session.defaults.DefaultSqlSession@cdc3aae]
2023-10-11 18:40:16 094 [main] DEBUG org.mybatis.spring.mapper.ClassPathMapperScanner - Identified candidate component class: file [C:\sts3.9-bundle\workspace\MySpringCustomer\target\classes\myspring\customer\dao\mapper\CustomerMapper.class]
2023-10-11 18:40:16 270 [main] DEBUG org.apache.ibatis.logging.LogFactory - Logging initialized using 'class org.apache.ibatis.logging.log4j2.Log4j2Impl' adapter.
2023-10-11 18:41:08 636 [main] DEBUG org.mybatis.spring.mapper.ClassPathMapperScanner - Identified candidate component class: file [C:\sts3.9-bundle\workspace\MySpringCustomer\target\classes\myspring\customer\dao\mapper\CustomerMapper.class]
2023-10-11 18:41:08 819 [main] DEBUG org.apache.ibatis.logging.LogFactory - Logging initialized using 'class org.apache.ibatis.logging.log4j2.Log4j2Impl' adapter.
2023-10-11 18:41:08 992 [main] DEBUG org.mybatis.spring.SqlSessionUtils - Creating a new SqlSession
2023-10-11 18:41:09 000 [main] DEBUG org.mybatis.spring.SqlSessionUtils - SqlSession [org.apache.ibatis.session.defaults.DefaultSqlSession@2b491fee] was not registered for synchronization because synchronization is not active
2023-10-11 18:41:09 150 [main] DEBUG org.mybatis.spring.transaction.SpringManagedTransaction - JDBC Connection [HikariProxyConnection@217470033 wrapping org.mariadb.jdbc.Connection@724f138e] will not be managed by Spring
2023-10-11 18:41:09 159 [main] DEBUG myspring.customer.dao.mapper.CustomerMapper.selectAllCustomer - ==>  Preparing: SELECT * FROM CUSTOMER ORDER BY ID
2023-10-11 18:41:09 184 [main] DEBUG myspring.customer.dao.mapper.CustomerMapper.selectAllCustomer - ==> Parameters: 
2023-10-11 18:41:09 208 [main] DEBUG myspring.customer.dao.mapper.CustomerMapper.selectAllCustomer - <==      Total: 2
2023-10-11 18:41:09 215 [main] DEBUG org.mybatis.spring.SqlSessionUtils - Closing non transactional SqlSession [org.apache.ibatis.session.defaults.DefaultSqlSession@2b491fee]
2023-10-11 18:41:09 222 [main] DEBUG org.mybatis.spring.SqlSessionUtils - Creating a new SqlSession
2023-10-11 18:41:09 222 [main] DEBUG org.mybatis.spring.SqlSessionUtils - SqlSession [org.apache.ibatis.session.defaults.DefaultSqlSession@4de025bf] was not registered for synchronization because synchronization is not active
2023-10-11 18:41:09 222 [main] DEBUG org.mybatis.spring.transaction.SpringManagedTransaction - JDBC Connection [HikariProxyConnection@1401295795 wrapping org.mariadb.jdbc.Connection@724f138e] will not be managed by Spring
2023-10-11 18:41:09 223 [main] DEBUG myspring.customer.dao.mapper.CustomerMapper.selectAllCustomer - ==>  Preparing: SELECT * FROM CUSTOMER ORDER BY ID
2023-10-11 18:41:09 223 [main] DEBUG myspring.customer.dao.mapper.CustomerMapper.selectAllCustomer - ==> Parameters: 
2023-10-11 18:41:09 224 [main] DEBUG myspring.customer.dao.mapper.CustomerMapper.selectAllCustomer - <==      Total: 2
2023-10-11 18:41:09 224 [main] DEBUG org.mybatis.spring.SqlSessionUtils - Closing non transactional SqlSession [org.apache.ibatis.session.defaults.DefaultSqlSession@4de025bf]
2023-10-11 18:41:09 227 [main] DEBUG org.mybatis.spring.SqlSessionUtils - Creating a new SqlSession
2023-10-11 18:41:09 227 [main] DEBUG org.mybatis.spring.SqlSessionUtils - SqlSession [org.apache.ibatis.session.defaults.DefaultSqlSession@1eef9aef] was not registered for synchronization because synchronization is not active
2023-10-11 18:41:09 227 [main] DEBUG org.mybatis.spring.transaction.SpringManagedTransaction - JDBC Connection [HikariProxyConnection@288919635 wrapping org.mariadb.jdbc.Connection@724f138e] will not be managed by Spring
2023-10-11 18:41:09 227 [main] DEBUG myspring.customer.dao.mapper.CustomerMapper.selectAllCustomer - ==>  Preparing: SELECT * FROM CUSTOMER ORDER BY ID
2023-10-11 18:41:09 228 [main] DEBUG myspring.customer.dao.mapper.CustomerMapper.selectAllCustomer - ==> Parameters: 
2023-10-11 18:41:09 229 [main] DEBUG myspring.customer.dao.mapper.CustomerMapper.selectAllCustomer - <==      Total: 2
2023-10-11 18:41:09 230 [main] DEBUG org.mybatis.spring.SqlSessionUtils - Closing non transactional SqlSession [org.apache.ibatis.session.defaults.DefaultSqlSession@1eef9aef]
